#
# There is insufficient memory for the Java Runtime Environment to continue.
# Native memory allocation (malloc) failed to allocate 1120576 bytes for Chunk::new
# Possible reasons:
#   The system is out of physical RAM or swap space
#   The process is running with CompressedOops enabled, and the Java Heap may be blocking the growth of the native heap
# Possible solutions:
#   Reduce memory load on the system
#   Increase physical memory or swap space
#   Check if swap backing store is full
#   Decrease Java heap size (-Xmx/-Xms)
#   Decrease number of Java threads
#   Decrease Java thread stack sizes (-Xss)
#   Set larger code cache with -XX:ReservedCodeCacheSize=
#   JVM is running with Unscaled Compressed Oops mode in which the Java heap is
#     placed in the first 4GB address space. The Java Heap base address is the
#     maximum limit for the native heap growth. Please use -XX:HeapBaseMinAddress
#     to set the Java Heap base and to place the Java Heap above 4GB virtual address.
# This output file may be truncated or incomplete.
#
#  Out of Memory Error (allocation.cpp:389), pid=1624, tid=0x0000000000002d94
#
# JRE version: OpenJDK Runtime Environment (8.0_242-b01) (build 1.8.0_242-release-1644-b01)
# Java VM: OpenJDK 64-Bit Server VM (25.242-b01 mixed mode windows-amd64 compressed oops)
# Failed to write core dump. Minidumps are not enabled by default on client versions of Windows
#

---------------  T H R E A D  ---------------

Current thread (0x0000000019b45800):  JavaThread "C2 CompilerThread0" daemon [_thread_in_native, id=11668, stack(0x000000001a410000,0x000000001a510000)]

Stack: [0x000000001a410000,0x000000001a510000]
[error occurred during error reporting (printing stack bounds), id 0xc0000005]

Native frames: (J=compiled Java code, j=interpreted, Vv=VM code, C=native code)


Current CompileTask:
C2: 982094 28795       4       com.android.tools.r8.ir.optimize.l::a (592 bytes)


---------------  P R O C E S S  ---------------

Java Threads: ( => current thread )
  0x000000001fa60000 JavaThread "WorkerExecutor Queue Thread 9" [_thread_blocked, id=8384, stack(0x000000003d880000,0x000000003d980000)]
  0x000000001fa63000 JavaThread "WorkerExecutor Queue Thread 8" [_thread_blocked, id=9280, stack(0x000000003aea0000,0x000000003afa0000)]
  0x000000001fa5b800 JavaThread "Cache worker for Java compile cache (C:\univ\dac\MyApplication\.gradle\6.5\javaCompile)" [_thread_blocked, id=13100, stack(0x000000003b210000,0x000000003b310000)]
  0x000000001fa61000 JavaThread "RMI TCP Connection(3)-127.0.0.1" daemon [_thread_in_native, id=14420, stack(0x000000003d980000,0x000000003da80000)]
  0x000000001fa5b000 JavaThread "stdout" [_thread_in_native, id=10028, stack(0x000000003d380000,0x000000003d480000)]
  0x000000001fa55800 JavaThread "stderr" [_thread_in_native, id=12848, stack(0x000000003d280000,0x000000003d380000)]
  0x000000001fa58000 JavaThread "pool-11-thread-1" [_thread_blocked, id=9516, stack(0x000000003d180000,0x000000003d280000)]
  0x000000001fa58800 JavaThread "WorkerExecutor Queue Thread 7" [_thread_blocked, id=8292, stack(0x000000003d080000,0x000000003d180000)]
  0x000000001fa57000 JavaThread "WorkerExecutor Queue Thread 6" [_thread_blocked, id=10124, stack(0x000000003cf80000,0x000000003d080000)]
  0x000000001fa52000 JavaThread "WorkerExecutor Queue Thread 5" [_thread_blocked, id=13748, stack(0x0000000000cf0000,0x0000000000df0000)]
  0x000000002072a000 JavaThread "WorkerExecutor Queue Thread 4" [_thread_blocked, id=14084, stack(0x0000000032680000,0x0000000032780000)]
  0x000000001ef5a800 JavaThread "WorkerExecutor Queue Thread 3" [_thread_blocked, id=7584, stack(0x0000000032580000,0x0000000032680000)]
  0x000000001ef56800 JavaThread "WorkerExecutor Queue Thread 2" [_thread_blocked, id=1232, stack(0x0000000031980000,0x0000000031a80000)]
  0x000000001ef58000 JavaThread "WorkerExecutor Queue" [_thread_blocked, id=13488, stack(0x0000000031780000,0x0000000031880000)]
  0x000000001ef59800 JavaThread "Cache worker for execution history cache (C:\univ\dac\MyApplication\.gradle\6.5\executionHistory)" [_thread_blocked, id=13872, stack(0x0000000031680000,0x0000000031780000)]
  0x000000001ef59000 JavaThread "Execution worker for ':' Thread 7" [_thread_blocked, id=9380, stack(0x0000000031580000,0x0000000031680000)]
  0x000000001ef4e800 JavaThread "Execution worker for ':' Thread 6" [_thread_blocked, id=9864, stack(0x0000000031480000,0x0000000031580000)]
  0x000000001ef55000 JavaThread "Execution worker for ':' Thread 5" [_thread_blocked, id=2988, stack(0x0000000031380000,0x0000000031480000)]
  0x000000001ef54800 JavaThread "Execution worker for ':' Thread 4" [_thread_blocked, id=1884, stack(0x0000000031280000,0x0000000031380000)]
  0x000000001ef4d000 JavaThread "Execution worker for ':' Thread 3" [_thread_blocked, id=9476, stack(0x0000000030d50000,0x0000000030e50000)]
  0x000000001ef53800 JavaThread "Execution worker for ':' Thread 2" [_thread_blocked, id=2680, stack(0x0000000030530000,0x0000000030630000)]
  0x000000001ef4c000 JavaThread "Execution worker for ':'" [_thread_blocked, id=12064, stack(0x000000002f800000,0x000000002f900000)]
  0x000000001ef53000 JavaThread "Cache worker for file content cache (C:\univ\dac\MyApplication\.gradle\6.5\fileContent)" [_thread_blocked, id=12172, stack(0x000000002f600000,0x000000002f700000)]
  0x000000001ef4d800 JavaThread "Cache worker for Build Output Cleanup Cache (C:\univ\dac\MyApplication\.gradle\buildOutputCleanup)" [_thread_blocked, id=2872, stack(0x000000002eb00000,0x000000002ec00000)]
  0x000000001ef52000 JavaThread "Build operations Thread 8" [_thread_blocked, id=12444, stack(0x0000000021ad0000,0x0000000021bd0000)]
  0x000000001ef50800 JavaThread "Build operations Thread 7" [_thread_blocked, id=10144, stack(0x00000000219d0000,0x0000000021ad0000)]
  0x000000001f7ed800 JavaThread "Build operations Thread 6" [_thread_blocked, id=5608, stack(0x00000000218d0000,0x00000000219d0000)]
  0x000000001f7e0800 JavaThread "Build operations Thread 5" [_thread_blocked, id=13324, stack(0x00000000217d0000,0x00000000218d0000)]
  0x000000001f7e6000 JavaThread "Build operations Thread 4" [_thread_blocked, id=1136, stack(0x00000000216d0000,0x00000000217d0000)]
  0x000000001f7e7000 JavaThread "Build operations Thread 3" [_thread_blocked, id=4004, stack(0x00000000215d0000,0x00000000216d0000)]
  0x000000001f7de800 JavaThread "Build operations Thread 2" [_thread_blocked, id=8300, stack(0x00000000214d0000,0x00000000215d0000)]
  0x000000001f7e5800 JavaThread "Build operations" [_thread_blocked, id=10976, stack(0x00000000213d0000,0x00000000214d0000)]
  0x000000001f7dd000 JavaThread "Cache worker for cache directory md-rule (C:\Users\CÄƒtÄƒlina\.gradle\caches\6.5\md-rule)" [_thread_blocked, id=9400, stack(0x00000000212d0000,0x00000000213d0000)]
  0x000000001f7e0000 JavaThread "Cache worker for cache directory md-supplier (C:\Users\CÄƒtÄƒlina\.gradle\caches\6.5\md-supplier)" [_thread_blocked, id=4456, stack(0x00000000211d0000,0x00000000212d0000)]
  0x000000001f7e3800 JavaThread "Cache worker for checksums cache (C:\univ\dac\MyApplication\.gradle\checksums)" [_thread_blocked, id=8640, stack(0x000000001e630000,0x000000001e730000)]
  0x000000001f7dd800 JavaThread "Cache worker for file hash cache (C:\univ\dac\MyApplication\.gradle\6.5\fileHashes)" [_thread_blocked, id=9860, stack(0x000000001e530000,0x000000001e630000)]
  0x000000001f7df000 JavaThread "Thread-469" [_thread_blocked, id=12472, stack(0x000000001e430000,0x000000001e530000)]
  0x000000001f7e2000 JavaThread "Stdin handler" [_thread_blocked, id=2864, stack(0x000000001e330000,0x000000001e430000)]
  0x000000001f7e3000 JavaThread "Asynchronous log dispatcher for DefaultDaemonConnection: socket connection from /127.0.0.1:50739 to /127.0.0.1:61685" [_thread_blocked, id=13220, stack(0x000000001e130000,0x000000001e230000)]
  0x000000001f7e1800 JavaThread "Cancel handler" [_thread_blocked, id=11612, stack(0x000000001d7f0000,0x000000001d8f0000)]
  0x000000001f7d4800 JavaThread "Handler for socket connection from /127.0.0.1:50739 to /127.0.0.1:61685" [_thread_in_native, id=15140, stack(0x0000000000f30000,0x0000000001030000)]
  0x0000000020727000 JavaThread "jar transforms Thread 339" [_thread_blocked, id=1132, stack(0x000000002ea00000,0x000000002eb00000)]
  0x0000000020726000 JavaThread "jar transforms Thread 338" [_thread_blocked, id=4872, stack(0x000000002e500000,0x000000002e600000)]
  0x0000000020729800 JavaThread "jar transforms Thread 337" [_thread_blocked, id=2376, stack(0x000000002b060000,0x000000002b160000)]
  0x0000000020728800 JavaThread "jar transforms Thread 336" [_thread_blocked, id=6756, stack(0x000000002af60000,0x000000002b060000)]
  0x0000000020727800 JavaThread "jar transforms Thread 335" [_thread_blocked, id=12968, stack(0x000000002ae60000,0x000000002af60000)]
  0x000000002072c800 JavaThread "jar transforms Thread 334" [_thread_blocked, id=12216, stack(0x000000002ad60000,0x000000002ae60000)]
  0x000000002072b800 JavaThread "jar transforms Thread 333" [_thread_blocked, id=1844, stack(0x000000002ac60000,0x000000002ad60000)]
  0x000000002071e800 JavaThread "jar transforms Thread 332" [_thread_blocked, id=8228, stack(0x000000002ab60000,0x000000002ac60000)]
  0x0000000020725800 JavaThread "jar transforms Thread 331" [_thread_blocked, id=15076, stack(0x000000002aa60000,0x000000002ab60000)]
  0x000000002071f800 JavaThread "jar transforms Thread 330" [_thread_blocked, id=3752, stack(0x000000002a960000,0x000000002aa60000)]
  0x000000002071e000 JavaThread "jar transforms Thread 329" [_thread_blocked, id=10204, stack(0x000000002a860000,0x000000002a960000)]
  0x0000000020724800 JavaThread "jar transforms Thread 328" [_thread_blocked, id=2500, stack(0x000000002a760000,0x000000002a860000)]
  0x0000000020720000 JavaThread "jar transforms Thread 327" [_thread_blocked, id=9268, stack(0x000000002a660000,0x000000002a760000)]
  0x0000000020722800 JavaThread "jar transforms Thread 326" [_thread_blocked, id=8536, stack(0x000000002a560000,0x000000002a660000)]
  0x000000002071d000 JavaThread "jar transforms Thread 325" [_thread_blocked, id=9544, stack(0x000000002a460000,0x000000002a560000)]
  0x0000000020721800 JavaThread "jar transforms Thread 324" [_thread_blocked, id=10864, stack(0x000000002a360000,0x000000002a460000)]
  0x0000000020723000 JavaThread "jar transforms Thread 323" [_thread_blocked, id=11680, stack(0x000000002a260000,0x000000002a360000)]
  0x0000000020721000 JavaThread "jar transforms Thread 322" [_thread_blocked, id=11328, stack(0x000000002a160000,0x000000002a260000)]
  0x0000000020724000 JavaThread "jar transforms Thread 321" [_thread_blocked, id=3416, stack(0x000000002a060000,0x000000002a160000)]
  0x000000001d15a000 JavaThread "jar transforms Thread 320" [_thread_blocked, id=6436, stack(0x0000000029f60000,0x000000002a060000)]
  0x000000001d159000 JavaThread "jar transforms Thread 319" [_thread_blocked, id=1352, stack(0x0000000029e60000,0x0000000029f60000)]
  0x000000001d15f000 JavaThread "jar transforms Thread 318" [_thread_blocked, id=936, stack(0x0000000029d60000,0x0000000029e60000)]
  0x000000001d15d800 JavaThread "jar transforms Thread 317" [_thread_blocked, id=6828, stack(0x0000000029c60000,0x0000000029d60000)]
  0x000000001d15d000 JavaThread "jar transforms Thread 316" [_thread_blocked, id=1992, stack(0x0000000029b60000,0x0000000029c60000)]
  0x000000001d15c000 JavaThread "jar transforms Thread 315" [_thread_blocked, id=12700, stack(0x0000000029a60000,0x0000000029b60000)]
  0x000000001d15e800 JavaThread "jar transforms Thread 314" [_thread_blocked, id=8572, stack(0x0000000029960000,0x0000000029a60000)]
  0x000000001d15b800 JavaThread "jar transforms Thread 313" [_thread_blocked, id=3304, stack(0x0000000029860000,0x0000000029960000)]
  0x000000001d158800 JavaThread "jar transforms Thread 312" [_thread_blocked, id=9344, stack(0x0000000029760000,0x0000000029860000)]
  0x000000001d15a800 JavaThread "jar transforms Thread 311" [_thread_blocked, id=11152, stack(0x0000000029660000,0x0000000029760000)]
  0x000000001d151000 JavaThread "jar transforms Thread 310" [_thread_blocked, id=12584, stack(0x0000000029560000,0x0000000029660000)]
  0x000000001d157800 JavaThread "jar transforms Thread 309" [_thread_blocked, id=13004, stack(0x0000000029460000,0x0000000029560000)]
  0x000000001d150000 JavaThread "jar transforms Thread 308" [_thread_blocked, id=14868, stack(0x0000000029360000,0x0000000029460000)]
  0x000000001d157000 JavaThread "jar transforms Thread 307" [_thread_blocked, id=11812, stack(0x0000000029260000,0x0000000029360000)]
  0x000000001d155800 JavaThread "jar transforms Thread 306" [_thread_blocked, id=14564, stack(0x0000000029160000,0x0000000029260000)]
  0x000000001d154800 JavaThread "jar transforms Thread 305" [_thread_blocked, id=12284, stack(0x0000000029060000,0x0000000029160000)]
  0x000000001d156000 JavaThread "jar transforms Thread 304" [_thread_blocked, id=6596, stack(0x0000000028f60000,0x0000000029060000)]
  0x000000001d153000 JavaThread "jar transforms Thread 303" [_thread_blocked, id=11624, stack(0x0000000028e60000,0x0000000028f60000)]
  0x000000001d151800 JavaThread "jar transforms Thread 302" [_thread_blocked, id=12788, stack(0x0000000028d60000,0x0000000028e60000)]
  0x000000001d152800 JavaThread "jar transforms Thread 301" [_thread_blocked, id=3456, stack(0x0000000028c60000,0x0000000028d60000)]
  0x000000001d154000 JavaThread "jar transforms Thread 300" [_thread_blocked, id=11528, stack(0x0000000028b60000,0x0000000028c60000)]
  0x000000001c529000 JavaThread "jar transforms Thread 299" [_thread_blocked, id=8648, stack(0x0000000028a60000,0x0000000028b60000)]
  0x000000001c52d800 JavaThread "jar transforms Thread 298" [_thread_blocked, id=588, stack(0x0000000028960000,0x0000000028a60000)]
  0x000000001c527800 JavaThread "jar transforms Thread 297" [_thread_blocked, id=12592, stack(0x0000000028860000,0x0000000028960000)]
  0x000000001c529800 JavaThread "jar transforms Thread 296" [_thread_blocked, id=9092, stack(0x0000000028760000,0x0000000028860000)]
  0x000000001c52b000 JavaThread "jar transforms Thread 295" [_thread_blocked, id=11244, stack(0x0000000028660000,0x0000000028760000)]
  0x000000001c526800 JavaThread "jar transforms Thread 294" [_thread_blocked, id=4440, stack(0x0000000028560000,0x0000000028660000)]
  0x000000001c528000 JavaThread "jar transforms Thread 293" [_thread_blocked, id=4804, stack(0x0000000028460000,0x0000000028560000)]
  0x000000001c52c800 JavaThread "jar transforms Thread 292" [_thread_blocked, id=13924, stack(0x0000000028360000,0x0000000028460000)]
  0x000000001c9c5000 JavaThread "jar transforms Thread 291" [_thread_blocked, id=3980, stack(0x0000000028260000,0x0000000028360000)]
  0x000000001c9c4000 JavaThread "jar transforms Thread 290" [_thread_blocked, id=14876, stack(0x0000000028160000,0x0000000028260000)]
  0x000000001c9c2800 JavaThread "jar transforms Thread 289" [_thread_blocked, id=4812, stack(0x0000000028060000,0x0000000028160000)]
  0x000000001c9c3800 JavaThread "jar transforms Thread 288" [_thread_blocked, id=14572, stack(0x0000000027f60000,0x0000000028060000)]
  0x000000001c9c2000 JavaThread "jar transforms Thread 287" [_thread_blocked, id=4736, stack(0x0000000027e60000,0x0000000027f60000)]
  0x000000001c9c1000 JavaThread "jar transforms Thread 286" [_thread_blocked, id=8632, stack(0x0000000027d60000,0x0000000027e60000)]
  0x000000001c9b9800 JavaThread "jar transforms Thread 285" [_thread_blocked, id=13108, stack(0x0000000027c60000,0x0000000027d60000)]
  0x000000001c9c0800 JavaThread "jar transforms Thread 284" [_thread_blocked, id=11808, stack(0x0000000027b60000,0x0000000027c60000)]
  0x000000001c9b9000 JavaThread "jar transforms Thread 283" [_thread_blocked, id=808, stack(0x0000000027a60000,0x0000000027b60000)]
  0x000000001c9bf800 JavaThread "jar transforms Thread 282" [_thread_blocked, id=10536, stack(0x0000000027960000,0x0000000027a60000)]
  0x000000001c9bf000 JavaThread "jar transforms Thread 281" [_thread_blocked, id=14464, stack(0x0000000027860000,0x0000000027960000)]
  0x000000001c9b7800 JavaThread "jar transforms Thread 280" [_thread_blocked, id=1700, stack(0x0000000027760000,0x0000000027860000)]
  0x000000001c9be000 JavaThread "jar transforms Thread 279" [_thread_blocked, id=5088, stack(0x0000000027660000,0x0000000027760000)]
  0x000000001c9b8000 JavaThread "jar transforms Thread 278" [_thread_blocked, id=5108, stack(0x0000000027560000,0x0000000027660000)]
  0x000000002c9be000 JavaThread "jar transforms Thread 277" [_thread_blocked, id=7540, stack(0x0000000027460000,0x0000000027560000)]
  0x000000002c9bd800 JavaThread "jar transforms Thread 276" [_thread_blocked, id=13416, stack(0x0000000027360000,0x0000000027460000)]
  0x000000002c9bc000 JavaThread "jar transforms Thread 275" [_thread_blocked, id=2596, stack(0x0000000027260000,0x0000000027360000)]
  0x000000002c9bb000 JavaThread "jar transforms Thread 274" [_thread_blocked, id=4896, stack(0x0000000027160000,0x0000000027260000)]
  0x000000002c9c0800 JavaThread "jar transforms Thread 273" [_thread_blocked, id=10380, stack(0x0000000027060000,0x0000000027160000)]
  0x000000002c9bf000 JavaThread "jar transforms Thread 272" [_thread_blocked, id=3972, stack(0x0000000026f60000,0x0000000027060000)]
  0x000000002c9bc800 JavaThread "jar transforms Thread 271" [_thread_blocked, id=1516, stack(0x0000000026e60000,0x0000000026f60000)]
  0x000000002c9ba800 JavaThread "jar transforms Thread 270" [_thread_blocked, id=10468, stack(0x0000000026d60000,0x0000000026e60000)]
  0x000000002c9bf800 JavaThread "jar transforms Thread 269" [_thread_blocked, id=1896, stack(0x0000000026c60000,0x0000000026d60000)]
  0x000000002c9b3000 JavaThread "jar transforms Thread 268" [_thread_blocked, id=14776, stack(0x0000000026b60000,0x0000000026c60000)]
  0x000000002c9b9800 JavaThread "jar transforms Thread 267" [_thread_blocked, id=13804, stack(0x0000000026a60000,0x0000000026b60000)]
  0x000000002c9b9000 JavaThread "jar transforms Thread 266" [_thread_blocked, id=5164, stack(0x0000000026960000,0x0000000026a60000)]
  0x000000002c9b6000 JavaThread "jar transforms Thread 265" [_thread_blocked, id=5592, stack(0x0000000026860000,0x0000000026960000)]
  0x000000002c9b1800 JavaThread "jar transforms Thread 264" [_thread_blocked, id=1720, stack(0x0000000026760000,0x0000000026860000)]
  0x000000002c9b6800 JavaThread "jar transforms Thread 263" [_thread_blocked, id=13528, stack(0x0000000026660000,0x0000000026760000)]
  0x000000002c9b2000 JavaThread "jar transforms Thread 262" [_thread_blocked, id=9532, stack(0x0000000026560000,0x0000000026660000)]
  0x000000002c9b5000 JavaThread "jar transforms Thread 261" [_thread_blocked, id=14052, stack(0x0000000026460000,0x0000000026560000)]
  0x000000001fb47000 JavaThread "jar transforms Thread 260" [_thread_blocked, id=8612, stack(0x0000000026360000,0x0000000026460000)]
  0x000000001fb46000 JavaThread "jar transforms Thread 259" [_thread_blocked, id=1524, stack(0x0000000026260000,0x0000000026360000)]
  0x000000001fb43000 JavaThread "jar transforms Thread 258" [_thread_blocked, id=11168, stack(0x0000000026160000,0x0000000026260000)]
  0x000000001fb45800 JavaThread "jar transforms Thread 257" [_thread_blocked, id=8696, stack(0x0000000026060000,0x0000000026160000)]
  0x000000001fb44800 JavaThread "jar transforms Thread 256" [_thread_blocked, id=7144, stack(0x0000000025f60000,0x0000000026060000)]
  0x000000001fb44000 JavaThread "jar transforms Thread 255" [_thread_blocked, id=3324, stack(0x0000000025e60000,0x0000000025f60000)]
  0x000000001fb47800 JavaThread "jar transforms Thread 254" [_thread_blocked, id=14216, stack(0x0000000025d60000,0x0000000025e60000)]
  0x000000001fb49000 JavaThread "jar transforms Thread 253" [_thread_blocked, id=13464, stack(0x0000000025c60000,0x0000000025d60000)]
  0x000000001fb4a000 JavaThread "jar transforms Thread 252" [_thread_blocked, id=11208, stack(0x0000000025b60000,0x0000000025c60000)]
  0x000000001fb48800 JavaThread "jar transforms Thread 251" [_thread_blocked, id=8556, stack(0x0000000025a60000,0x0000000025b60000)]
  0x000000001fb3b800 JavaThread "jar transforms Thread 250" [_thread_blocked, id=10632, stack(0x0000000025960000,0x0000000025a60000)]
  0x000000001fb42800 JavaThread "jar transforms Thread 249" [_thread_blocked, id=13992, stack(0x0000000025860000,0x0000000025960000)]
  0x000000001fb41800 JavaThread "jar transforms Thread 248" [_thread_blocked, id=11480, stack(0x0000000025760000,0x0000000025860000)]
  0x000000001fb41000 JavaThread "jar transforms Thread 247" [_thread_blocked, id=752, stack(0x0000000025660000,0x0000000025760000)]
  0x000000001fb3b000 JavaThread "jar transforms Thread 246" [_thread_blocked, id=10236, stack(0x0000000025560000,0x0000000025660000)]
  0x000000001fb3e000 JavaThread "jar transforms Thread 245" [_thread_blocked, id=8644, stack(0x0000000025460000,0x0000000025560000)]
  0x000000001fb40000 JavaThread "jar transforms Thread 244" [_thread_blocked, id=4564, stack(0x00000000236d0000,0x00000000237d0000)]
  0x000000001fb3f800 JavaThread "jar transforms Thread 243" [_thread_blocked, id=2856, stack(0x0000000022dd0000,0x0000000022ed0000)]
  0x000000001fb3d000 JavaThread "jar transforms Thread 242" [_thread_blocked, id=10200, stack(0x0000000022cd0000,0x0000000022dd0000)]
  0x000000001fb3e800 JavaThread "jar transforms Thread 241" [_thread_blocked, id=11420, stack(0x0000000022bd0000,0x0000000022cd0000)]
  0x000000001f7f1800 JavaThread "jar transforms Thread 240" [_thread_blocked, id=11816, stack(0x00000000228d0000,0x00000000229d0000)]
  0x000000001f7f2000 JavaThread "jar transforms Thread 239" [_thread_blocked, id=7512, stack(0x00000000227d0000,0x00000000228d0000)]
  0x000000001f7ea000 JavaThread "jar transforms Thread 238" [_thread_blocked, id=13300, stack(0x00000000226d0000,0x00000000227d0000)]
  0x000000001f7f0800 JavaThread "jar transforms Thread 237" [_thread_blocked, id=3720, stack(0x00000000225d0000,0x00000000226d0000)]
  0x000000001f7e9000 JavaThread "jar transforms Thread 236" [_thread_blocked, id=13508, stack(0x00000000224d0000,0x00000000225d0000)]
  0x000000001f7f0000 JavaThread "jar transforms Thread 235" [_thread_blocked, id=11000, stack(0x00000000223d0000,0x00000000224d0000)]
  0x000000001f7e8800 JavaThread "jar transforms Thread 234" [_thread_blocked, id=10824, stack(0x00000000222d0000,0x00000000223d0000)]
  0x000000001f7ef000 JavaThread "jar transforms Thread 233" [_thread_blocked, id=9632, stack(0x00000000221d0000,0x00000000222d0000)]
  0x000000001f7eb800 JavaThread "jar transforms Thread 232" [_thread_blocked, id=10112, stack(0x00000000220d0000,0x00000000221d0000)]
  0x000000001f7ea800 JavaThread "jar transforms Thread 231" [_thread_blocked, id=14644, stack(0x0000000021fd0000,0x00000000220d0000)]
  0x000000001f7e7800 JavaThread "jar transforms Thread 230" [_thread_blocked, id=13428, stack(0x0000000021ed0000,0x0000000021fd0000)]
  0x000000001f7ed000 JavaThread "jar transforms Thread 229" [_thread_blocked, id=11572, stack(0x0000000021dd0000,0x0000000021ed0000)]
  0x000000001f7ec000 JavaThread "jar transforms Thread 228" [_thread_blocked, id=11008, stack(0x0000000021cd0000,0x0000000021dd0000)]
  0x000000001f7ee800 JavaThread "jar transforms Thread 227" [_thread_blocked, id=3624, stack(0x0000000021bd0000,0x0000000021cd0000)]
  0x000000001f7da800 JavaThread "Daemon worker Thread 3" [_thread_blocked, id=12424, stack(0x000000001d8f0000,0x000000001d9f0000)]
  0x000000001f7d7800 JavaThread "Daemon Thread 3" [_thread_blocked, id=9164, stack(0x0000000000df0000,0x0000000000ef0000)]
  0x000000001f7dc000 JavaThread "Cache worker for Java compile cache (C:\Users\CÄƒtÄƒlina\.gradle\caches\6.5\javaCompile)" [_thread_blocked, id=15052, stack(0x000000002fb00000,0x000000002fc00000)]
  0x000000001f7db800 JavaThread "RMI Reaper" [_thread_blocked, id=12736, stack(0x0000000032280000,0x0000000032380000)]
  0x000000001f7d5800 JavaThread "RMI TCP Accept-0" daemon [_thread_in_native, id=12588, stack(0x0000000032180000,0x0000000032280000)]
  0x000000001f7d8800 JavaThread "GC Daemon" daemon [_thread_blocked, id=9420, stack(0x0000000032080000,0x0000000032180000)]
  0x000000001f7d7000 JavaThread "RMI Scheduler(0)" daemon [_thread_blocked, id=14392, stack(0x000000002f700000,0x000000002f800000)]
  0x000000002c9b8000 JavaThread "MarlinRenderer Disposer" daemon [_thread_blocked, id=15316, stack(0x0000000030850000,0x0000000030950000)]
  0x000000002c9b4800 JavaThread "Java2D Disposer" daemon [_thread_blocked, id=2984, stack(0x0000000030430000,0x0000000030530000)]
  0x000000001fb3c800 JavaThread "Memory manager" [_thread_blocked, id=15248, stack(0x000000002d230000,0x000000002d330000)]
  0x000000001c9bc000 JavaThread "Cache worker for file content cache (C:\Users\CÄƒtÄƒlina\.gradle\caches\6.5\fileContent)" [_thread_blocked, id=596, stack(0x00000000235d0000,0x00000000236d0000)]
  0x000000001c9bb000 JavaThread "Cache worker for execution history cache (C:\Users\CÄƒtÄƒlina\.gradle\caches\6.5\executionHistory)" [_thread_blocked, id=2888, stack(0x00000000230d0000,0x00000000231d0000)]
  0x000000001c52c000 JavaThread "Cache worker for file hash cache (C:\Users\CÄƒtÄƒlina\.gradle\caches\6.5\fileHashes)" [_thread_blocked, id=9772, stack(0x000000001eb30000,0x000000001ec30000)]
  0x000000001c52a800 JavaThread "File lock request listener" [_thread_in_native, id=15068, stack(0x000000001ea30000,0x000000001eb30000)]
  0x000000001abab000 JavaThread "Cache worker for journal cache (C:\Users\CÄƒtÄƒlina\.gradle\caches\journal-1)" [_thread_blocked, id=13400, stack(0x000000001e930000,0x000000001ea30000)]
  0x000000001c4a1000 JavaThread "Daemon periodic checks" [_thread_blocked, id=13212, stack(0x000000001dc30000,0x000000001dd30000)]
  0x000000001c44f000 JavaThread "Incoming local TCP Connector on port 50739" [_thread_in_native, id=8244, stack(0x000000001d9f0000,0x000000001daf0000)]
  0x000000001c397800 JavaThread "Daemon health stats" [_thread_in_Java, id=7508, stack(0x000000001d3b0000,0x000000001d4b0000)]
  0x0000000019bd8800 JavaThread "Service Thread" daemon [_thread_blocked, id=10700, stack(0x000000001a810000,0x000000001a910000)]
  0x0000000019b57000 JavaThread "C1 CompilerThread3" daemon [_thread_blocked, id=4216, stack(0x000000001a710000,0x000000001a810000)]
  0x0000000019b4f800 JavaThread "C2 CompilerThread2" daemon [_thread_in_native, id=7308, stack(0x000000001a610000,0x000000001a710000)]
  0x0000000019b48000 JavaThread "C2 CompilerThread1" daemon [_thread_in_native, id=10152, stack(0x000000001a510000,0x000000001a610000)]
=>0x0000000019b45800 JavaThread "C2 CompilerThread0" daemon [_thread_in_native, id=11668, stack(0x000000001a410000,0x000000001a510000)]
  0x0000000019b44800 JavaThread "Attach Listener" daemon [_thread_blocked, id=2184, stack(0x000000001a310000,0x000000001a410000)]
  0x0000000019b43800 JavaThread "Signal Dispatcher" daemon [_thread_blocked, id=12616, stack(0x000000001a210000,0x000000001a310000)]
  0x0000000002cae800 JavaThread "Finalizer" daemon [_thread_blocked, id=4560, stack(0x000000001a010000,0x000000001a110000)]
  0x0000000017d1c800 JavaThread "Reference Handler" daemon [_thread_blocked, id=4900, stack(0x0000000019f10000,0x000000001a010000)]
  0x00000000029de800 JavaThread "main" [_thread_blocked, id=13592, stack(0x0000000002ab0000,0x0000000002bb0000)]

Other Threads:
  0x0000000017d16000 VMThread [stack: 0x0000000019a10000,0x0000000019b10000] [id=4328]
  0x0000000019bd9000 WatcherThread [stack: 0x000000001a910000,0x000000001aa10000] [id=4144]

VM state:not at safepoint (normal execution)

VM Mutex/Monitor currently owned by a thread: None

OutOfMemory and StackOverflow Exception counts:
OutOfMemoryError java_heap_errors=1

heap address: 0x0000000080000000, size: 2048 MB, Compressed Oops mode: 32-bit
Narrow klass base: 0x0000000000000000, Narrow klass shift: 3
Compressed class space size: 1073741824 Address: 0x0000000100000000

Heap:
 PSYoungGen      total 648192K, used 483537K [0x00000000d5580000, 0x0000000100000000, 0x0000000100000000)
  eden space 599552K, 75% used [0x00000000d5580000,0x00000000f0d321d0,0x00000000f9f00000)
  from space 48640K, 68% used [0x00000000f9f00000,0x00000000fbf825b8,0x00000000fce80000)
  to   space 50688K, 0% used [0x00000000fce80000,0x00000000fce80000,0x0000000100000000)
 ParOldGen       total 317952K, used 261518K [0x0000000080000000, 0x0000000093680000, 0x00000000d5580000)
  object space 317952K, 82% used [0x0000000080000000,0x000000008ff63878,0x0000000093680000)
 Metaspace       used 132543K, capacity 139752K, committed 140108K, reserved 1171456K
  class space    used 16833K, capacity 18176K, committed 18304K, reserved 1048576K

Card table byte_map: [0x0000000012070000,0x0000000012480000] byte_map_base: 0x0000000011c70000

Marking Bits: (ParMarkBitMap*) 0x000000005936f030
 Begin Bits: [0x0000000012f30000, 0x0000000014f30000)
 End Bits:   [0x0000000014f30000, 0x0000000016f30000)

Polling page: 0x0000000001130000

CodeCache: size=245760Kb used=79755Kb max_used=80498Kb free=166005Kb
 bounds [0x0000000002cb0000, 0x0000000007bd0000, 0x0000000011cb0000]
 total_blobs=23476 nmethods=22375 adapters=1011
 compilation: enabled

Compilation events (10 events):
Event: 982.024 Thread 0x0000000019b57000 nmethod 28857 0x0000000004e36c50 code [0x0000000004e36da0, 0x0000000004e36ef0]
Event: 982.045 Thread 0x0000000019b57000 28862       2       com.android.tools.r8.q.a.a.d.a::a (7 bytes)
Event: 982.046 Thread 0x0000000019b57000 nmethod 28862 0x000000000566b010 code [0x000000000566b160, 0x000000000566b2d0]
Event: 982.056 Thread 0x0000000019b57000 28861       2       com.android.tools.r8.q.a.a.a.D::a (29 bytes)
Event: 982.057 Thread 0x0000000019b57000 nmethod 28861 0x0000000004d2c910 code [0x0000000004d2caa0, 0x0000000004d2ce38]
Event: 982.061 Thread 0x0000000019b57000 28850       2       com.android.tools.r8.dex.P$j::e (21 bytes)
Event: 982.062 Thread 0x0000000019b57000 nmethod 28850 0x0000000004106f50 code [0x00000000041070c0, 0x00000000041073d8]
Event: 982.066 Thread 0x0000000019b57000 28851       2       com.android.tools.r8.q.a.a.b.w::a (30 bytes)
Event: 982.067 Thread 0x0000000019b57000 nmethod 28851 0x0000000002e43f10 code [0x0000000002e44080, 0x0000000002e44308]
Event: 982.088 Thread 0x0000000019b48000 nmethod 28742 0x0000000005889910 code [0x0000000005889da0, 0x000000000588d6f0]

GC Heap History (10 events):
Event: 955.964 GC heap before
{Heap before GC invocations=47 (full 6):
 PSYoungGen      total 641536K, used 599826K [0x00000000d5580000, 0x00000000ffc80000, 0x0000000100000000)
  eden space 589824K, 100% used [0x00000000d5580000,0x00000000f9580000,0x00000000f9580000)
  from space 51712K, 19% used [0x00000000fc780000,0x00000000fd144ba8,0x00000000ffa00000)
  to   space 51200K, 0% used [0x00000000f9580000,0x00000000f9580000,0x00000000fc780000)
 ParOldGen       total 317952K, used 226176K [0x0000000080000000, 0x0000000093680000, 0x00000000d5580000)
  object space 317952K, 71% used [0x0000000080000000,0x000000008dce0208,0x0000000093680000)
 Metaspace       used 122726K, capacity 129652K, committed 130124K, reserved 1163264K
  class space    used 15774K, capacity 17078K, committed 17280K, reserved 1048576K
Event: 956.000 GC heap after
Heap after GC invocations=47 (full 6):
 PSYoungGen      total 641024K, used 15986K [0x00000000d5580000, 0x00000000ffb80000, 0x0000000100000000)
  eden space 589824K, 0% used [0x00000000d5580000,0x00000000d5580000,0x00000000f9580000)
  from space 51200K, 31% used [0x00000000f9580000,0x00000000fa51cb08,0x00000000fc780000)
  to   space 49152K, 0% used [0x00000000fcb80000,0x00000000fcb80000,0x00000000ffb80000)
 ParOldGen       total 317952K, used 233810K [0x0000000080000000, 0x0000000093680000, 0x00000000d5580000)
  object space 317952K, 73% used [0x0000000080000000,0x000000008e4548c8,0x0000000093680000)
 Metaspace       used 122726K, capacity 129652K, committed 130124K, reserved 1163264K
  class space    used 15774K, capacity 17078K, committed 17280K, reserved 1048576K
}
Event: 957.604 GC heap before
{Heap before GC invocations=48 (full 6):
 PSYoungGen      total 641024K, used 605810K [0x00000000d5580000, 0x00000000ffb80000, 0x0000000100000000)
  eden space 589824K, 100% used [0x00000000d5580000,0x00000000f9580000,0x00000000f9580000)
  from space 51200K, 31% used [0x00000000f9580000,0x00000000fa51cb08,0x00000000fc780000)
  to   space 49152K, 0% used [0x00000000fcb80000,0x00000000fcb80000,0x00000000ffb80000)
 ParOldGen       total 317952K, used 233810K [0x0000000080000000, 0x0000000093680000, 0x00000000d5580000)
  object space 317952K, 73% used [0x0000000080000000,0x000000008e4548c8,0x0000000093680000)
 Metaspace       used 122736K, capacity 129684K, committed 130124K, reserved 1163264K
  class space    used 15775K, capacity 17110K, committed 17280K, reserved 1048576K
Event: 957.627 GC heap after
Heap after GC invocations=48 (full 6):
 PSYoungGen      total 645632K, used 7941K [0x00000000d5580000, 0x00000000ffd00000, 0x0000000100000000)
  eden space 596480K, 0% used [0x00000000d5580000,0x00000000d5580000,0x00000000f9c00000)
  from space 49152K, 16% used [0x00000000fcb80000,0x00000000fd3415d0,0x00000000ffb80000)
  to   space 48640K, 0% used [0x00000000f9c00000,0x00000000f9c00000,0x00000000fcb80000)
 ParOldGen       total 317952K, used 245554K [0x0000000080000000, 0x0000000093680000, 0x00000000d5580000)
  object space 317952K, 77% used [0x0000000080000000,0x000000008efcca68,0x0000000093680000)
 Metaspace       used 122736K, capacity 129684K, committed 130124K, reserved 1163264K
  class space    used 15775K, capacity 17110K, committed 17280K, reserved 1048576K
}
Event: 959.277 GC heap before
{Heap before GC invocations=49 (full 6):
 PSYoungGen      total 645632K, used 604421K [0x00000000d5580000, 0x00000000ffd00000, 0x0000000100000000)
  eden space 596480K, 100% used [0x00000000d5580000,0x00000000f9c00000,0x00000000f9c00000)
  from space 49152K, 16% used [0x00000000fcb80000,0x00000000fd3415d0,0x00000000ffb80000)
  to   space 48640K, 0% used [0x00000000f9c00000,0x00000000f9c00000,0x00000000fcb80000)
 ParOldGen       total 317952K, used 245554K [0x0000000080000000, 0x0000000093680000, 0x00000000d5580000)
  object space 317952K, 77% used [0x0000000080000000,0x000000008efcca68,0x0000000093680000)
 Metaspace       used 122774K, capacity 129696K, committed 130124K, reserved 1163264K
  class space    used 15775K, capacity 17110K, committed 17280K, reserved 1048576K
Event: 959.336 GC heap after
Heap after GC invocations=49 (full 6):
 PSYoungGen      total 645120K, used 32100K [0x00000000d5580000, 0x0000000100000000, 0x0000000100000000)
  eden space 596480K, 0% used [0x00000000d5580000,0x00000000d5580000,0x00000000f9c00000)
  from space 48640K, 65% used [0x00000000f9c00000,0x00000000fbb59278,0x00000000fcb80000)
  to   space 50688K, 0% used [0x00000000fce80000,0x00000000fce80000,0x0000000100000000)
 ParOldGen       total 317952K, used 250561K [0x0000000080000000, 0x0000000093680000, 0x00000000d5580000)
  object space 317952K, 78% used [0x0000000080000000,0x000000008f4b0690,0x0000000093680000)
 Metaspace       used 122774K, capacity 129696K, committed 130124K, reserved 1163264K
  class space    used 15775K, capacity 17110K, committed 17280K, reserved 1048576K
}
Event: 961.201 GC heap before
{Heap before GC invocations=50 (full 6):
 PSYoungGen      total 645120K, used 628580K [0x00000000d5580000, 0x0000000100000000, 0x0000000100000000)
  eden space 596480K, 100% used [0x00000000d5580000,0x00000000f9c00000,0x00000000f9c00000)
  from space 48640K, 65% used [0x00000000f9c00000,0x00000000fbb59278,0x00000000fcb80000)
  to   space 50688K, 0% used [0x00000000fce80000,0x00000000fce80000,0x0000000100000000)
 ParOldGen       total 317952K, used 250561K [0x0000000080000000, 0x0000000093680000, 0x00000000d5580000)
  object space 317952K, 78% used [0x0000000080000000,0x000000008f4b0690,0x0000000093680000)
 Metaspace       used 122797K, capacity 129766K, committed 130380K, reserved 1163264K
  class space    used 15775K, capacity 17111K, committed 17280K, reserved 1048576K
Event: 961.248 GC heap after
Heap after GC invocations=50 (full 6):
 PSYoungGen      total 648192K, used 15531K [0x00000000d5580000, 0x00000000ffe00000, 0x0000000100000000)
  eden space 599552K, 0% used [0x00000000d5580000,0x00000000d5580000,0x00000000f9f00000)
  from space 48640K, 31% used [0x00000000fce80000,0x00000000fddaafe0,0x00000000ffe00000)
  to   space 48640K, 0% used [0x00000000f9f00000,0x00000000f9f00000,0x00000000fce80000)
 ParOldGen       total 317952K, used 257571K [0x0000000080000000, 0x0000000093680000, 0x00000000d5580000)
  object space 317952K, 81% used [0x0000000080000000,0x000000008fb88fd0,0x0000000093680000)
 Metaspace       used 122797K, capacity 129766K, committed 130380K, reserved 1163264K
  class space    used 15775K, capacity 17111K, committed 17280K, reserved 1048576K
}
Event: 975.256 GC heap before
{Heap before GC invocations=51 (full 6):
 PSYoungGen      total 648192K, used 615083K [0x00000000d5580000, 0x00000000ffe00000, 0x0000000100000000)
  eden space 599552K, 100% used [0x00000000d5580000,0x00000000f9f00000,0x00000000f9f00000)
  from space 48640K, 31% used [0x00000000fce80000,0x00000000fddaafe0,0x00000000ffe00000)
  to   space 48640K, 0% used [0x00000000f9f00000,0x00000000f9f00000,0x00000000fce80000)
 ParOldGen       total 317952K, used 257571K [0x0000000080000000, 0x0000000093680000, 0x00000000d5580000)
  object space 317952K, 81% used [0x0000000080000000,0x000000008fb88fd0,0x0000000093680000)
 Metaspace       used 130878K, capacity 137978K, committed 138444K, reserved 1169408K
  class space    used 16646K, capacity 17989K, committed 18176K, reserved 1048576K
Event: 975.310 GC heap after
Heap after GC invocations=51 (full 6):
 PSYoungGen      total 648192K, used 33289K [0x00000000d5580000, 0x0000000100000000, 0x0000000100000000)
  eden space 599552K, 0% used [0x00000000d5580000,0x00000000d5580000,0x00000000f9f00000)
  from space 48640K, 68% used [0x00000000f9f00000,0x00000000fbf825b8,0x00000000fce80000)
  to   space 50688K, 0% used [0x00000000fce80000,0x00000000fce80000,0x0000000100000000)
 ParOldGen       total 317952K, used 261518K [0x0000000080000000, 0x0000000093680000, 0x00000000d5580000)
  object space 317952K, 82% used [0x0000000080000000,0x000000008ff63878,0x0000000093680000)
 Metaspace       used 130878K, capacity 137978K, committed 138444K, reserved 1169408K
  class space    used 16646K, capacity 17989K, committed 18176K, reserved 1048576K
}

Deoptimization events (10 events):
Event: 982.012 Thread 0x000000001ef58000 Uncommon trap: reason=unstable_if action=reinterpret pc=0x0000000004885540 method=java.io.ObjectOutputStream$BlockDataOutputStream.write([BIIZ)V @ 9
Event: 982.022 Thread 0x000000001ef56800 Uncommon trap: reason=class_check action=maybe_recompile pc=0x0000000004cf9020 method=java.util.zip.ZipOutputStream.writeShort(I)V @ 13
Event: 982.022 Thread 0x000000001ef56800 Uncommon trap: reason=class_check action=maybe_recompile pc=0x0000000004cfc2b4 method=java.util.zip.ZipOutputStream.writeInt(J)V @ 14
Event: 982.023 Thread 0x000000001ef56800 Uncommon trap: reason=class_check action=maybe_recompile pc=0x0000000004cfc2b4 method=java.util.zip.ZipOutputStream.writeInt(J)V @ 14
Event: 982.023 Thread 0x000000001ef56800 Uncommon trap: reason=class_check action=maybe_recompile pc=0x0000000004cfc2b4 method=java.util.zip.ZipOutputStream.writeInt(J)V @ 14
Event: 982.023 Thread 0x000000001ef56800 Uncommon trap: reason=class_check action=maybe_recompile pc=0x0000000004cf9020 method=java.util.zip.ZipOutputStream.writeShort(I)V @ 13
Event: 982.032 Thread 0x000000001ef56800 Uncommon trap: reason=class_check action=maybe_recompile pc=0x0000000004cfdb68 method=java.util.zip.DeflaterOutputStream.deflate()V @ 32
Event: 982.036 Thread 0x000000001ef56800 Uncommon trap: reason=class_check action=maybe_recompile pc=0x0000000004cfdb68 method=java.util.zip.DeflaterOutputStream.deflate()V @ 32
Event: 982.036 Thread 0x000000001ef56800 Uncommon trap: reason=class_check action=maybe_recompile pc=0x0000000004cfdb68 method=java.util.zip.DeflaterOutputStream.deflate()V @ 32
Event: 982.036 Thread 0x000000001ef56800 Uncommon trap: reason=class_check action=maybe_recompile pc=0x0000000004cfdb68 method=java.util.zip.DeflaterOutputStream.deflate()V @ 32

Classes redefined (0 events):
No events

Internal exceptions (10 events):
Event: 980.138 Thread 0x000000001f7df000 Exception <a 'java/lang/NoSuchMethodError': <clinit>> (0x00000000e548f440) thrown at [C:\src\AOSP-openjdk-git\hotspot\src\share\vm\prims\jni.cpp, line 1615]
Event: 980.264 Thread 0x000000001f7da800 Exception <a 'sun/nio/fs/WindowsException'> (0x00000000e54b5f88) thrown at [C:\src\AOSP-openjdk-git\hotspot\src\share\vm\prims\jni.cpp, line 710]
Event: 980.264 Thread 0x000000001f7da800 Exception <a 'sun/nio/fs/WindowsException'> (0x00000000e54b77f0) thrown at [C:\src\AOSP-openjdk-git\hotspot\src\share\vm\prims\jni.cpp, line 710]
Event: 980.271 Thread 0x000000001f7da800 Exception <a 'sun/nio/fs/WindowsException'> (0x00000000e54cb3a0) thrown at [C:\src\AOSP-openjdk-git\hotspot\src\share\vm\prims\jni.cpp, line 710]
Event: 980.272 Thread 0x000000001f7da800 Exception <a 'sun/nio/fs/WindowsException'> (0x00000000e54ccf50) thrown at [C:\src\AOSP-openjdk-git\hotspot\src\share\vm\prims\jni.cpp, line 710]
Event: 980.293 Thread 0x000000001fa58800 Exception <a 'sun/nio/fs/WindowsException'> (0x00000000e55b8218) thrown at [C:\src\AOSP-openjdk-git\hotspot\src\share\vm\prims\jni.cpp, line 710]
Event: 981.337 Thread 0x000000001ef4d000 Exception <a 'java/lang/NoSuchMethodError': <clinit>> (0x00000000ea552c70) thrown at [C:\src\AOSP-openjdk-git\hotspot\src\share\vm\prims\jni.cpp, line 1615]
Event: 981.521 Thread 0x000000001ef58000 Exception <a 'sun/nio/fs/WindowsException'> (0x00000000eb82cec8) thrown at [C:\src\AOSP-openjdk-git\hotspot\src\share\vm\prims\jni.cpp, line 710]
Event: 981.587 Thread 0x000000001ef5a800 Exception <a 'sun/nio/fs/WindowsException'> (0x00000000ebfaa0c8) thrown at [C:\src\AOSP-openjdk-git\hotspot\src\share\vm\prims\jni.cpp, line 710]
Event: 981.691 Thread 0x000000001fa57000 Exception <a 'sun/nio/fs/WindowsException'> (0x00000000ec289e28) thrown at [C:\src\AOSP-openjdk-git\hotspot\src\share\vm\prims\jni.cpp, line 710]

Events (10 events):
Event: 982.086 loading class com/android/tools/r8/s/b/W0
Event: 982.086 loading class com/android/tools/r8/s/b/W0 done
Event: 982.086 loading class com/android/tools/r8/s/c/J
Event: 982.086 loading class com/android/tools/r8/s/c/J done
Event: 982.086 loading class com/android/tools/r8/s/d/a$a
Event: 982.086 loading class com/android/tools/r8/s/d/a$a done
Event: 982.088 loading class com/android/tools/r8/s/c/I
Event: 982.088 loading class com/android/tools/r8/s/c/I done
Event: 982.089 loading class com/android/tools/r8/s/c/e0
Event: 982.089 loading class com/android/tools/r8/s/c/e0 done


Dynamic libraries:
0x00007ff6ee860000 - 0x00007ff6ee891000 	C:\Program Files\Android\Android Studio1\jre\bin\java.exe
0x00007ffc456d0000 - 0x00007ffc458c5000 	C:\WINDOWS\SYSTEM32\ntdll.dll
0x00007ffc450a0000 - 0x00007ffc4515d000 	C:\WINDOWS\System32\KERNEL32.DLL
0x00007ffc42fd0000 - 0x00007ffc43298000 	C:\WINDOWS\System32\KERNELBASE.dll
0x00007ffc44470000 - 0x00007ffc4451c000 	C:\WINDOWS\System32\ADVAPI32.dll
0x00007ffc446d0000 - 0x00007ffc4476e000 	C:\WINDOWS\System32\msvcrt.dll
0x00007ffc447d0000 - 0x00007ffc4486b000 	C:\WINDOWS\System32\sechost.dll
0x00007ffc441b0000 - 0x00007ffc442db000 	C:\WINDOWS\System32\RPCRT4.dll
0x00007ffc45410000 - 0x00007ffc455b0000 	C:\WINDOWS\System32\USER32.dll
0x00007ffc43510000 - 0x00007ffc43532000 	C:\WINDOWS\System32\win32u.dll
0x00007ffc44770000 - 0x00007ffc4479a000 	C:\WINDOWS\System32\GDI32.dll
0x00007ffc42e10000 - 0x00007ffc42f1b000 	C:\WINDOWS\System32\gdi32full.dll
0x00007ffc43320000 - 0x00007ffc433bd000 	C:\WINDOWS\System32\msvcp_win.dll
0x00007ffc43410000 - 0x00007ffc43510000 	C:\WINDOWS\System32\ucrtbase.dll
0x00007ffc2f220000 - 0x00007ffc2f4ba000 	C:\WINDOWS\WinSxS\amd64_microsoft.windows.common-controls_6595b64144ccf1df_6.0.19041.844_none_ca00b6081b84eb1d\COMCTL32.dll
0x00007ffc451f0000 - 0x00007ffc45220000 	C:\WINDOWS\System32\IMM32.DLL
0x0000000057e70000 - 0x0000000057f42000 	C:\Program Files\Android\Android Studio1\jre\jre\bin\msvcr100.dll
0x0000000058ba0000 - 0x00000000593eb000 	C:\Program Files\Android\Android Studio1\jre\jre\bin\server\jvm.dll
0x00007ffc448e0000 - 0x00007ffc448e8000 	C:\WINDOWS\System32\PSAPI.DLL
0x00007ffc2a110000 - 0x00007ffc2a119000 	C:\WINDOWS\SYSTEM32\WSOCK32.dll
0x00007ffc3a590000 - 0x00007ffc3a59a000 	C:\WINDOWS\SYSTEM32\VERSION.dll
0x00007ffc359b0000 - 0x00007ffc359d7000 	C:\WINDOWS\SYSTEM32\WINMM.dll
0x00007ffc44870000 - 0x00007ffc448db000 	C:\WINDOWS\System32\WS2_32.dll
0x00007ffc3c480000 - 0x00007ffc3c48f000 	C:\Program Files\Android\Android Studio1\jre\jre\bin\verify.dll
0x00007ffc0b600000 - 0x00007ffc0b629000 	C:\Program Files\Android\Android Studio1\jre\jre\bin\java.dll
0x00007ffc374a0000 - 0x00007ffc374b6000 	C:\Program Files\Android\Android Studio1\jre\jre\bin\zip.dll
0x00007ffc44950000 - 0x00007ffc45092000 	C:\WINDOWS\System32\SHELL32.dll
0x00007ffc40c70000 - 0x00007ffc41400000 	C:\WINDOWS\SYSTEM32\windows.storage.dll
0x00007ffc437e0000 - 0x00007ffc43b35000 	C:\WINDOWS\System32\combase.dll
0x00007ffc427b0000 - 0x00007ffc427dc000 	C:\WINDOWS\SYSTEM32\Wldp.dll
0x00007ffc43730000 - 0x00007ffc437de000 	C:\WINDOWS\System32\SHCORE.dll
0x00007ffc442e0000 - 0x00007ffc44335000 	C:\WINDOWS\System32\shlwapi.dll
0x00007ffc42d50000 - 0x00007ffc42d6f000 	C:\WINDOWS\SYSTEM32\profapi.dll
0x00007ffc35a10000 - 0x00007ffc35a2a000 	C:\Program Files\Android\Android Studio1\jre\jre\bin\net.dll
0x00007ffc42520000 - 0x00007ffc4258a000 	C:\WINDOWS\system32\mswsock.dll
0x00007ffc2bc70000 - 0x00007ffc2bc83000 	C:\Program Files\Android\Android Studio1\jre\jre\bin\nio.dll
0x00007ffc0a4e0000 - 0x00007ffc0a507000 	C:\Users\Cãtãlina\.gradle\native\f6784746aeab05261644944871eae4fe03e0ef1612fff0a4a95f87b438bc6780\windows-amd64\native-platform.dll
0x00007ffc39f80000 - 0x00007ffc39f8d000 	C:\Program Files\Android\Android Studio1\jre\jre\bin\management.dll
0x00007ffc426f0000 - 0x00007ffc42708000 	C:\WINDOWS\SYSTEM32\CRYPTSP.dll
0x00007ffc41ec0000 - 0x00007ffc41ef4000 	C:\WINDOWS\system32\rsaenh.dll
0x00007ffc43700000 - 0x00007ffc43727000 	C:\WINDOWS\System32\bcrypt.dll
0x00007ffc42cc0000 - 0x00007ffc42cee000 	C:\WINDOWS\SYSTEM32\USERENV.dll
0x00007ffc432a0000 - 0x00007ffc43320000 	C:\WINDOWS\System32\bcryptprimitives.dll
0x00007ffc42710000 - 0x00007ffc4271c000 	C:\WINDOWS\SYSTEM32\CRYPTBASE.dll
0x00007ffc42210000 - 0x00007ffc4224b000 	C:\WINDOWS\SYSTEM32\IPHLPAPI.DLL
0x00007ffc441a0000 - 0x00007ffc441a8000 	C:\WINDOWS\System32\NSI.dll
0x00007ffc40c50000 - 0x00007ffc40c67000 	C:\WINDOWS\SYSTEM32\dhcpcsvc6.DLL
0x00007ffc40c30000 - 0x00007ffc40c4d000 	C:\WINDOWS\SYSTEM32\dhcpcsvc.DLL
0x00007ffc42250000 - 0x00007ffc4231c000 	C:\WINDOWS\SYSTEM32\DNSAPI.dll
0x00007ffc3a310000 - 0x00007ffc3a31b000 	C:\WINDOWS\SYSTEM32\WINNSI.DLL
0x00007ffc06e10000 - 0x00007ffc06e34000 	C:\Program Files\Android\Android Studio1\jre\jre\bin\sunec.dll
0x00007ffc2d9b0000 - 0x00007ffc2d9ba000 	C:\Windows\System32\rasadhlp.dll
0x00007ffc2dd80000 - 0x00007ffc2ddff000 	C:\WINDOWS\System32\fwpuclnt.dll
0x00007ffc3d880000 - 0x00007ffc3d88b000 	C:\Program Files\Android\Android Studio1\jre\jre\bin\sunmscapi.dll
0x00007ffc435a0000 - 0x00007ffc436ff000 	C:\WINDOWS\System32\CRYPT32.dll
0x00007ffbfae70000 - 0x00007ffbfb00c000 	C:\Program Files\Android\Android Studio1\jre\jre\bin\awt.dll
0x00007ffc43fb0000 - 0x00007ffc4407d000 	C:\WINDOWS\System32\OLEAUT32.dll
0x00007ffc40630000 - 0x00007ffc4065f000 	C:\WINDOWS\SYSTEM32\dwmapi.dll
0x00007ffc3a880000 - 0x00007ffc3ae40000 	C:\WINDOWS\SYSTEM32\d2d1.dll
0x00007ffc40280000 - 0x00007ffc40310000 	C:\WINDOWS\SYSTEM32\apphelp.dll
0x00007ffc40440000 - 0x00007ffc404de000 	C:\WINDOWS\system32\uxtheme.dll
0x00007ffc2bcc0000 - 0x00007ffc2bcde000 	C:\Users\Cãtãlina\AppData\Local\Temp\native-platform6902466303660177423dir\native-platform.dll
0x00007ffc41b50000 - 0x00007ffc41b83000 	C:\WINDOWS\SYSTEM32\ntmarta.dll
0x0000000066e00000 - 0x0000000066f03000 	C:\Users\Cãtãlina\AppData\Local\Temp\sqlite-3.25.2-2a624b72-7e50-4aa2-81f9-6181e387c830-sqlitejdbc.dll

VM Arguments:
jvm_args: -Xmx2048m -Dfile.encoding=UTF-8 -Duser.country=US -Duser.language=en -Duser.variant 
java_command: org.gradle.launcher.daemon.bootstrap.GradleDaemon 6.5
java_class_path (initial): C:\Users\Cãtãlina\.gradle\wrapper\dists\gradle-6.5-all\2oz4ud9k3tuxjg84bbf55q0tn\gradle-6.5\lib\gradle-launcher-6.5.jar
Launcher Type: SUN_STANDARD

Environment Variables:
JAVA_HOME=C:\Program Files\Java\jdk-15.0.1
PATH=C:\Program Files\Java\jdk1.8.0_261\bin;C:\Program Files\Common Files\Oracle\Java\javapath;C:\Program Files (x86)\Common Files\Oracle\Java\javapath;C:\WINDOWS\system32;C:\WINDOWS;C:\WINDOWS\System32\Wbem;C:\WINDOWS\System32\WindowsPowerShell\v1.0\;C:\WINDOWS\System32\OpenSSH\;C:\Program Files\Microsoft SQL Server\130\Tools\Binn\;C:\Program Files\Microsoft SQL Server\Client SDK\ODBC\170\Tools\Binn\;C:\Program Files\dotnet\;C:\sqlite;C:\Program Files\Git\cmd;C:\Program Files (x86)\Microsoft SQL Server\150\DTS\Binn\;C:\Program Files\Azure Data Studio\bin;C:\Program Files (x86)\Microsoft SQL Server\150\Tools\Binn\;C:\Program Files\Microsoft SQL Server\150\Tools\Binn\;C:\Program Files\Microsoft SQL Server\150\DTS\Binn\;C:\Users\Cãtãlina\AppData\Local\Microsoft\WindowsApps;C:\Users\Cãtãlina\.dotnet\tools;C:\GnuWin32\bin;C:\Program Files\CodeBlocks;;C:\Program Files\Azure Data Studio\bin
USERNAME=Catalina
OS=Windows_NT
PROCESSOR_IDENTIFIER=AMD64 Family 23 Model 24 Stepping 1, AuthenticAMD



---------------  S Y S T E M  ---------------

OS: Windows 10.0 , 64 bit Build 19041 (10.0.19041.928)

CPU:total 8 (initial active 8) (8 cores per cpu, 1 threads per core) family 23 model 24 stepping 1, cmov, cx8, fxsr, mmx, sse, sse2, sse3, ssse3, sse4.1, sse4.2, popcnt, avx, avx2, aes, clmul, mmxext, 3dnowpref, lzcnt, sse4a, tsc, tscinvbit, tscinv, bmi1

Memory: 4k page, physical 6236300k(413172k free), swap 9146916k(1904k free)

vm_info: OpenJDK 64-Bit Server VM (25.242-b01) for windows-amd64 JRE (1.8.0_242-release-1644-b01), built by "builder" with MS VC++ 10.0 (VS2010)

time: Sun Jun 06 00:15:26 2021
timezone: GTB Daylight Time
elapsed time: 982 seconds (0d 0h 16m 22s)

